#
# An unexpected error has been detected by Java Runtime Environment:
#
#  Internal Error (classFileParser.cpp:2923), pid=5768, tid=7460
#  Error: ShouldNotReachHere()
#
# Java VM: Java HotSpot(TM) Client VM (11.2-b01 mixed mode windows-x86)
# If you would like to submit a bug report, please visit:
#   http://java.sun.com/webapps/bugreport/crash.jsp
#

---------------  T H R E A D  ---------------

Current thread (0x0067ec00):  JavaThread "Unknown thread" [_thread_in_vm, id=7460, stack(0x002d0000,0x00320000)]

Stack: [0x002d0000,0x00320000]
[error occurred during error reporting (printing stack bounds), id 0xc0000005]


---------------  P R O C E S S  ---------------

Java Threads: ( => current thread )

Other Threads:

=>0x0067ec00 (exited) JavaThread "Unknown thread" [_thread_in_vm, id=7460, stack(0x002d0000,0x00320000)]

VM state:not at safepoint (not fully initialized)

VM Mutex/Monitor currently owned by a thread: None

Dynamic libraries:
0x00400000 - 0x00424000 	C:\Program Files (x86)\Java\jdk1.6.0_12\bin\java.exe
0x771f0000 - 0x77370000 	C:\Windows\SysWOW64\ntdll.dll
0x76090000 - 0x761a0000 	C:\Windows\syswow64\kernel32.dll
0x76700000 - 0x76746000 	C:\Windows\syswow64\KERNELBASE.dll
0x74930000 - 0x749d0000 	C:\Windows\syswow64\ADVAPI32.dll
0x761a0000 - 0x7624c000 	C:\Windows\syswow64\msvcrt.dll
0x76070000 - 0x76089000 	C:\Windows\SysWOW64\sechost.dll
0x75c80000 - 0x75d70000 	C:\Windows\syswow64\RPCRT4.dll
0x748d0000 - 0x74930000 	C:\Windows\syswow64\SspiCli.dll
0x748c0000 - 0x748cc000 	C:\Windows\syswow64\CRYPTBASE.dll
0x7c340000 - 0x7c396000 	C:\Program Files (x86)\Java\jdk1.6.0_12\jre\bin\msvcr71.dll
0x6d8b0000 - 0x6db06000 	C:\Program Files (x86)\Java\jdk1.6.0_12\jre\bin\client\jvm.dll
0x75960000 - 0x75a60000 	C:\Windows\syswow64\USER32.dll
0x76270000 - 0x76300000 	C:\Windows\syswow64\GDI32.dll
0x771c0000 - 0x771ca000 	C:\Windows\syswow64\LPK.dll
0x758c0000 - 0x7595d000 	C:\Windows\syswow64\USP10.dll
0x72cb0000 - 0x72ce2000 	C:\Windows\system32\WINMM.dll
0x76390000 - 0x763f0000 	C:\Windows\system32\IMM32.DLL
0x763f0000 - 0x764bc000 	C:\Windows\syswow64\MSCTF.dll
0x72cf0000 - 0x72d3c000 	C:\Windows\system32\apphelp.dll
0x6d340000 - 0x6d348000 	C:\Program Files (x86)\Java\jdk1.6.0_12\jre\bin\hpi.dll
0x75d70000 - 0x75d75000 	C:\Windows\syswow64\PSAPI.DLL
0x6d860000 - 0x6d86c000 	C:\Program Files (x86)\Java\jdk1.6.0_12\jre\bin\verify.dll
0x6d3e0000 - 0x6d3ff000 	C:\Program Files (x86)\Java\jdk1.6.0_12\jre\bin\java.dll
0x6d8a0000 - 0x6d8af000 	C:\Program Files (x86)\Java\jdk1.6.0_12\jre\bin\zip.dll

VM Arguments:
jvm_args: -Dfile.encoding=MS932 -Xbootclasspath:C:\Program Files (x86)\Android\android-sdk\platforms\android-16\android.jar 
java_command: com.fc2.web.ncneller.wordbook.CUIExec
Launcher Type: SUN_STANDARD

Environment Variables:
JAVA_HOME=C:\Program Files (x86)\Java\jdk1.6.0_12
PATH=C:/Program Files (x86)/Java/jre6/bin/client;C:/Program Files (x86)/Java/jre6/bin;C:/Program Files (x86)/Java/jre6/lib/i386;C:\Program Files\Common Files\Microsoft Shared\Windows Live;C:\Program Files (x86)\Common Files\Microsoft Shared\Windows Live;C:\Windows\system32;C:\Windows;C:\Windows\System32\Wbem;C:\Windows\System32\WindowsPowerShell\v1.0\;C:\Program Files (x86)\Toshiba\Bluetooth Toshiba Stack\sys\;C:\Program Files (x86)\Toshiba\Bluetooth Toshiba Stack\sys\x64\;C:\Program Files (x86)\Intel\Services\IPT\;C:\Program Files (x86)\Windows Live\Shared;C:\Program Files (x86)\Symantec\VIP Access Client\;c:\Program Files (x86)\Common Files\Roxio Shared\DLLShared\;c:\Program Files (x86)\Common Files\Roxio Shared\OEM\DLLShared\;c:\Program Files (x86)\Common Files\Roxio Shared\OEM\DLLShared\;c:\Program Files (x86)\Common Files\Roxio Shared\OEM\12.0\DLLShared\;c:\Program Files (x86)\Roxio 2010\OEM\AudioCore\;C:\Program Files\Intel\WiFi\bin\;C:\Program Files\Common Files\Intel\WirelessCommon\;c:\Program Files (x86)\Microsoft SQL Server\100\Tools\Binn\;c:\Program Files\Microsoft SQL Server\100\Tools\Binn\;c:\Program Files\Microsoft SQL Server\100\DTS\Binn\;C:\Program Files\Microsoft Windows Performance Toolkit\;C:\w32tex\bin;C:\gs\gs9.04\bin;C:\gs\gs9.04\lib;C:\Program Files (x86)\Groovy\Groovy-2.0.1\bin;C:\Program Files\Intel\WiFi\bin\;C:\Program Files\Common Files\Intel\WirelessCommon\;C:\MinGW\bin\;C:\MinGW\msys\1.0\bin;C:\Program Files (x86)\Java\jdk1.6.0_12\bin;C:\Users\2adc\Documents\Favorites\hack;c:\Python31;C:\Program Files (x86)\Android\android-sdk\tools;;C:\Program Files (x86)\eclipse32;
USERNAME=2adc
OS=Windows_NT
PROCESSOR_IDENTIFIER=Intel64 Family 6 Model 42 Stepping 7, GenuineIntel



---------------  S Y S T E M  ---------------

OS: Windows NT 6.1 Build 7601 Service Pack 1

CPU:total 4 (8 cores per cpu, 2 threads per core) family 6 model 10 stepping 7, cmov, cx8, fxsr, mmx, sse, sse2, sse3, ssse3, ht

Memory: 4k page, physical 4078812k(2081032k free), swap 4194303k(4194303k free)

vm_info: Java HotSpot(TM) Client VM (11.2-b01) for windows-x86 JRE (1.6.0_12-b04), built on Jan 17 2009 09:57:14 by "java_re" with MS VC++ 7.1

time: Thu Aug 09 20:58:23 2012
elapsed time: 0 seconds

